{"level":"error","message":"Error: bad auth : authentication failed","timestamp":"2025-05-27T07:33:51.471Z"}
{"level":"error","message":"Error: bad auth : authentication failed","timestamp":"2025-05-27T07:34:06.261Z"}
{"level":"error","message":"Error: bad auth : authentication failed","timestamp":"2025-05-27T07:35:03.572Z"}
{"level":"error","message":"Error: bad auth : authentication failed","timestamp":"2025-05-27T07:39:40.131Z"}
{"level":"error","message":"Error: bad auth : authentication failed","timestamp":"2025-05-27T07:40:04.020Z"}
{"level":"error","message":"Error: bad auth : authentication failed","timestamp":"2025-05-27T07:40:54.825Z"}
{"level":"error","message":"Error: bad auth : authentication failed","timestamp":"2025-05-27T07:42:49.178Z"}
{"level":"error","message":"Error: bad auth : authentication failed","timestamp":"2025-05-27T07:42:57.501Z"}
{"level":"error","message":"Error: bad auth : authentication failed","timestamp":"2025-05-27T07:43:02.930Z"}
{"level":"error","message":"Error: bad auth : authentication failed","timestamp":"2025-05-27T07:43:10.508Z"}
{"level":"error","message":"Error: bad auth : authentication failed","timestamp":"2025-05-27T07:43:23.314Z"}
{"level":"error","message":"Error: bad auth : authentication failed","timestamp":"2025-05-27T07:43:51.637Z"}
{"level":"error","message":"Error: bad auth : authentication failed","timestamp":"2025-05-27T07:44:04.179Z"}
{"level":"error","message":"Error: bad auth : authentication failed","timestamp":"2025-05-27T07:45:10.575Z"}
{"level":"error","message":"Error: bad auth : authentication failed","timestamp":"2025-05-27T07:45:37.436Z"}
{"level":"error","message":"Error: bad auth : authentication failed","timestamp":"2025-05-27T07:46:23.857Z"}
{"level":"error","message":"Error: bad auth : authentication failed","timestamp":"2025-05-27T07:46:54.038Z"}
{"level":"error","message":"Error: bad auth : authentication failed","timestamp":"2025-05-27T07:47:19.879Z"}
{"level":"error","message":"Error: bad auth : authentication failed","timestamp":"2025-05-27T07:47:39.214Z"}
{"level":"error","message":"Error: bad auth : authentication failed","timestamp":"2025-05-27T07:47:39.217Z"}
{"level":"error","message":"MongoDB Connection Error: bad auth : authentication failed","timestamp":"2025-05-27T07:48:47.715Z"}
{"level":"error","message":"MongoDB Connection Error: bad auth : authentication failed","timestamp":"2025-05-27T07:48:47.712Z"}
{"level":"error","message":"Error: bad auth : authentication failed","timestamp":"2025-05-27T07:48:59.698Z"}
{"level":"error","message":"Error: bad auth : authentication failed","timestamp":"2025-05-27T07:49:24.981Z"}
{"level":"error","message":"Error: MongoDB Connection Error: bad auth : authentication failed","timestamp":"2025-05-27T07:53:07.808Z"}
{"level":"error","message":"ValidationError: User validation failed: name: Please add a name\n    at Document.invalidate (C:\\Users\\Mesa\\Desktop\\classss\\EasyRentX\\Backend\\node_modules\\mongoose\\lib\\document.js:3219:32)\n    at C:\\Users\\Mesa\\Desktop\\classss\\EasyRentX\\Backend\\node_modules\\mongoose\\lib\\document.js:3012:17\n    at C:\\Users\\Mesa\\Desktop\\classss\\EasyRentX\\Backend\\node_modules\\mongoose\\lib\\schematype.js:1368:9\n    at process.processTicksAndRejections (node:internal/process/task_queues:77:11)","timestamp":"2025-05-27T08:00:00.979Z"}
{"level":"error","message":"ValidationError: User validation failed: name: Please add a name\n    at Document.invalidate (C:\\Users\\Mesa\\Desktop\\classss\\EasyRentX\\Backend\\node_modules\\mongoose\\lib\\document.js:3219:32)\n    at C:\\Users\\Mesa\\Desktop\\classss\\EasyRentX\\Backend\\node_modules\\mongoose\\lib\\document.js:3012:17\n    at C:\\Users\\Mesa\\Desktop\\classss\\EasyRentX\\Backend\\node_modules\\mongoose\\lib\\schematype.js:1368:9\n    at process.processTicksAndRejections (node:internal/process/task_queues:77:11)","timestamp":"2025-05-27T08:00:30.608Z"}
{"level":"error","message":"ValidationError: User validation failed: name: Please add a name\n    at Document.invalidate (C:\\Users\\Mesa\\Desktop\\classss\\EasyRentX\\Backend\\node_modules\\mongoose\\lib\\document.js:3219:32)\n    at C:\\Users\\Mesa\\Desktop\\classss\\EasyRentX\\Backend\\node_modules\\mongoose\\lib\\document.js:3012:17\n    at C:\\Users\\Mesa\\Desktop\\classss\\EasyRentX\\Backend\\node_modules\\mongoose\\lib\\schematype.js:1368:9\n    at process.processTicksAndRejections (node:internal/process/task_queues:77:11)","timestamp":"2025-05-27T08:01:29.067Z"}
{"level":"error","message":"ValidationError: User validation failed: name: Please add a name\n    at Document.invalidate (C:\\Users\\Mesa\\Desktop\\classss\\EasyRentX\\Backend\\node_modules\\mongoose\\lib\\document.js:3219:32)\n    at C:\\Users\\Mesa\\Desktop\\classss\\EasyRentX\\Backend\\node_modules\\mongoose\\lib\\document.js:3012:17\n    at C:\\Users\\Mesa\\Desktop\\classss\\EasyRentX\\Backend\\node_modules\\mongoose\\lib\\schematype.js:1368:9\n    at process.processTicksAndRejections (node:internal/process/task_queues:77:11)","timestamp":"2025-05-27T08:02:59.770Z"}
{"level":"error","message":"ValidationError: User validation failed: name: Please add a name\n    at Document.invalidate (C:\\Users\\Mesa\\Desktop\\classss\\EasyRentX\\Backend\\node_modules\\mongoose\\lib\\document.js:3219:32)\n    at C:\\Users\\Mesa\\Desktop\\classss\\EasyRentX\\Backend\\node_modules\\mongoose\\lib\\document.js:3012:17\n    at C:\\Users\\Mesa\\Desktop\\classss\\EasyRentX\\Backend\\node_modules\\mongoose\\lib\\schematype.js:1368:9\n    at process.processTicksAndRejections (node:internal/process/task_queues:77:11)","timestamp":"2025-05-27T08:03:23.328Z"}
{"level":"error","message":"Error: Illegal arguments: string, undefined\n    at _async (C:\\Users\\Mesa\\Desktop\\classss\\EasyRentX\\Backend\\node_modules\\bcryptjs\\dist\\bcrypt.js:286:46)\n    at C:\\Users\\Mesa\\Desktop\\classss\\EasyRentX\\Backend\\node_modules\\bcryptjs\\dist\\bcrypt.js:307:17\n    at new Promise (<anonymous>)\n    at bcrypt.compare (C:\\Users\\Mesa\\Desktop\\classss\\EasyRentX\\Backend\\node_modules\\bcryptjs\\dist\\bcrypt.js:306:20)\n    at login (file:///C:/Users/Mesa/Desktop/classss/EasyRentX/Backend/controllers/auth.controller.js:61:34)\n    at process.processTicksAndRejections (node:internal/process/task_queues:95:5)","timestamp":"2025-05-27T08:05:56.259Z"}
{"level":"error","message":"Error: Illegal arguments: string, undefined\n    at _async (C:\\Users\\Mesa\\Desktop\\classss\\EasyRentX\\Backend\\node_modules\\bcryptjs\\dist\\bcrypt.js:286:46)\n    at C:\\Users\\Mesa\\Desktop\\classss\\EasyRentX\\Backend\\node_modules\\bcryptjs\\dist\\bcrypt.js:307:17\n    at new Promise (<anonymous>)\n    at bcrypt.compare (C:\\Users\\Mesa\\Desktop\\classss\\EasyRentX\\Backend\\node_modules\\bcryptjs\\dist\\bcrypt.js:306:20)\n    at login (file:///C:/Users/Mesa/Desktop/classss/EasyRentX/Backend/controllers/auth.controller.js:61:34)\n    at process.processTicksAndRejections (node:internal/process/task_queues:95:5)","timestamp":"2025-05-27T08:07:24.369Z"}
{"level":"error","message":"Error: Illegal arguments: string, undefined\n    at _async (C:\\Users\\Mesa\\Desktop\\classss\\EasyRentX\\Backend\\node_modules\\bcryptjs\\dist\\bcrypt.js:286:46)\n    at C:\\Users\\Mesa\\Desktop\\classss\\EasyRentX\\Backend\\node_modules\\bcryptjs\\dist\\bcrypt.js:307:17\n    at new Promise (<anonymous>)\n    at bcrypt.compare (C:\\Users\\Mesa\\Desktop\\classss\\EasyRentX\\Backend\\node_modules\\bcryptjs\\dist\\bcrypt.js:306:20)\n    at login (file:///C:/Users/Mesa/Desktop/classss/EasyRentX/Backend/controllers/auth.controller.js:61:34)\n    at process.processTicksAndRejections (node:internal/process/task_queues:95:5)","timestamp":"2025-05-27T08:08:34.142Z"}
{"level":"error","message":"Error: Illegal arguments: string, undefined\n    at _async (C:\\Users\\Mesa\\Desktop\\classss\\EasyRentX\\Backend\\node_modules\\bcryptjs\\dist\\bcrypt.js:286:46)\n    at C:\\Users\\Mesa\\Desktop\\classss\\EasyRentX\\Backend\\node_modules\\bcryptjs\\dist\\bcrypt.js:307:17\n    at new Promise (<anonymous>)\n    at bcrypt.compare (C:\\Users\\Mesa\\Desktop\\classss\\EasyRentX\\Backend\\node_modules\\bcryptjs\\dist\\bcrypt.js:306:20)\n    at login (file:///C:/Users/Mesa/Desktop/classss/EasyRentX/Backend/controllers/auth.controller.js:61:34)\n    at process.processTicksAndRejections (node:internal/process/task_queues:95:5)","timestamp":"2025-05-27T08:08:52.668Z"}
{"level":"error","message":"Error: Illegal arguments: string, undefined\n    at _async (C:\\Users\\Mesa\\Desktop\\classss\\EasyRentX\\Backend\\node_modules\\bcryptjs\\dist\\bcrypt.js:286:46)\n    at C:\\Users\\Mesa\\Desktop\\classss\\EasyRentX\\Backend\\node_modules\\bcryptjs\\dist\\bcrypt.js:307:17\n    at new Promise (<anonymous>)\n    at bcrypt.compare (C:\\Users\\Mesa\\Desktop\\classss\\EasyRentX\\Backend\\node_modules\\bcryptjs\\dist\\bcrypt.js:306:20)\n    at login (file:///C:/Users/Mesa/Desktop/classss/EasyRentX/Backend/controllers/auth.controller.js:61:34)\n    at process.processTicksAndRejections (node:internal/process/task_queues:95:5)","timestamp":"2025-05-27T08:09:21.214Z"}
{"level":"error","message":"Authentication error: invalid token","timestamp":"2025-05-27T08:11:16.603Z"}
{"level":"error","message":"Authentication error: invalid token","timestamp":"2025-05-27T08:11:27.965Z"}
{"level":"error","message":"Authentication error: invalid token","timestamp":"2025-05-27T08:13:13.099Z"}
{"level":"error","message":"Error: User not found\n    at getProfile (file:///C:/Users/Mesa/Desktop/classss/EasyRentX/Backend/controllers/auth.controller.js:92:13)\n    at process.processTicksAndRejections (node:internal/process/task_queues:95:5)","timestamp":"2025-05-27T08:13:31.531Z"}
{"level":"error","message":"Error: User not found\n    at getProfile (file:///C:/Users/Mesa/Desktop/classss/EasyRentX/Backend/controllers/auth.controller.js:92:13)\n    at process.processTicksAndRejections (node:internal/process/task_queues:95:5)","timestamp":"2025-05-27T08:13:48.619Z"}
{"level":"error","message":"Error: User not found\n    at getProfile (file:///C:/Users/Mesa/Desktop/classss/EasyRentX/Backend/controllers/auth.controller.js:92:13)\n    at process.processTicksAndRejections (node:internal/process/task_queues:95:5)","timestamp":"2025-05-31T18:59:02.403Z"}
{"level":"error","message":"Error: User not found\n    at getProfile (file:///C:/Users/Mesa/Desktop/classss/EasyRentX/Backend/controllers/auth.controller.js:92:13)\n    at process.processTicksAndRejections (node:internal/process/task_queues:95:5)","timestamp":"2025-05-31T19:00:45.476Z"}
{"level":"error","message":"Error: User not found\n    at getProfile (file:///C:/Users/Mesa/Desktop/classss/EasyRentX/Backend/controllers/auth.controller.js:92:13)\n    at process.processTicksAndRejections (node:internal/process/task_queues:95:5)","timestamp":"2025-05-31T19:02:04.515Z"}
{"level":"error","message":"Error: MongoDB Connection Error: Could not connect to any servers in your MongoDB Atlas cluster. One common reason is that you're trying to access the database from an IP that isn't whitelisted. Make sure your current IP address is on your Atlas cluster's IP whitelist: https://www.mongodb.com/docs/atlas/security-whitelist/","timestamp":"2025-05-31T19:03:53.575Z"}
{"level":"error","message":"Error: MongoDB Connection Error: connection 1 to 159.41.65.49:27017 timed out","timestamp":"2025-05-31T19:04:47.069Z"}
{"level":"error","message":"Error: User not found\n    at getProfile (file:///C:/Users/Mesa/Desktop/classss/EasyRentX/Backend/controllers/auth.controller.js:93:13)\n    at process.processTicksAndRejections (node:internal/process/task_queues:95:5)","timestamp":"2025-05-31T19:10:07.553Z"}
{"level":"error","message":"Error: User not found\n    at getProfile (file:///C:/Users/Mesa/Desktop/classss/EasyRentX/Backend/controllers/auth.controller.js:91:13)\n    at process.processTicksAndRejections (node:internal/process/task_queues:95:5)","timestamp":"2025-05-31T19:11:54.297Z"}
{"level":"error","message":"SyntaxError: Expected double-quoted property name in JSON at position 27\n    at JSON.parse (<anonymous>)\n    at parse (C:\\Users\\Mesa\\Desktop\\classss\\EasyRentX\\Backend\\node_modules\\body-parser\\lib\\types\\json.js:92:19)\n    at C:\\Users\\Mesa\\Desktop\\classss\\EasyRentX\\Backend\\node_modules\\body-parser\\lib\\read.js:128:18\n    at AsyncResource.runInAsyncScope (node:async_hooks:206:9)\n    at invokeCallback (C:\\Users\\Mesa\\Desktop\\classss\\EasyRentX\\Backend\\node_modules\\raw-body\\index.js:238:16)\n    at done (C:\\Users\\Mesa\\Desktop\\classss\\EasyRentX\\Backend\\node_modules\\raw-body\\index.js:227:7)\n    at IncomingMessage.onEnd (C:\\Users\\Mesa\\Desktop\\classss\\EasyRentX\\Backend\\node_modules\\raw-body\\index.js:287:7)\n    at IncomingMessage.emit (node:events:519:28)\n    at endReadableNT (node:internal/streams/readable:1696:12)\n    at process.processTicksAndRejections (node:internal/process/task_queues:82:21)","timestamp":"2025-05-31T19:16:52.745Z"}
{"level":"error","message":"Uncaught Exception! 💥 Shutting down...","timestamp":"2025-05-31T19:46:26.667Z"}
{"level":"error","message":"Uncaught Exception! 💥 Shutting down...","timestamp":"2025-05-31T19:51:22.145Z"}
{"level":"error","message":"Uncaught Exception! 💥 Shutting down...","timestamp":"2025-05-31T19:51:56.798Z"}
{"level":"error","message":"Uncaught Exception! 💥 Shutting down...","timestamp":"2025-05-31T19:51:56.849Z"}
{"level":"error","message":"Uncaught Exception! 💥 Shutting down...","timestamp":"2025-05-31T19:52:13.256Z"}
{"level":"error","message":"Uncaught Exception! 💥 Shutting down...","timestamp":"2025-05-31T19:52:13.427Z"}
